<?xml version="1.0" encoding="utf-8"?><testsuites name="pytest tests"><testsuite name="pytest" errors="0" failures="1" skipped="0" tests="11" time="4.673" timestamp="2026-09-09T20:02:02.697273+00:00" hostname="agent-env-c52e1801-6635-47d0-9691-01fc6d6b87fe"><testcase classname="backend.tests.test_bloque_d.TestAfiliateAPIData" name="test_planes_returns_3" time="0.350" /><testcase classname="backend.tests.test_bloque_d.TestAfiliateAPIData" name="test_requisitos_returns_5" time="0.223" /><testcase classname="backend.tests.test_bloque_d.TestAfiliateAPIData" name="test_categorias_dynamic" time="0.233" /><testcase classname="backend.tests.test_bloque_d.TestNotificationsModule" name="test_module_imports_and_functions_exist" time="0.031" /><testcase classname="backend.tests.test_bloque_d.TestNotificationsModule" name="test_send_gracefully_fails_without_smtp" time="0.000" /><testcase classname="backend.tests.test_bloque_d.TestStripeKeyNoFallback" name="test_payments_module_no_fallback" time="0.000" /><testcase classname="backend.tests.test_bloque_d.TestPaymentStatusAuth" name="test_payment_status_requires_auth" time="0.149" /><testcase classname="backend.tests.test_bloque_d.TestPaymentStatusAuth" name="test_payment_status_nonexistent_authed" time="0.628" /><testcase classname="backend.tests.test_bloque_d.TestPaymentStatusAuth" name="test_payment_status_ownership_403" time="1.681"><failure message="RuntimeError: Task &lt;Task pending name='Task-2' coro=&lt;TestPaymentStatusAuth.test_payment_status_ownership_403.&lt;locals&gt;._cleanup() running at /app/backend/tests/test_bloque_d.py:134&gt; cb=[_run_until_complete_cb() at /usr/local/lib/python3.11/asyncio/base_events.py:181]&gt; got Future &lt;Future pending cb=[_chain_future.&lt;locals&gt;._call_check_cancel() at /usr/local/lib/python3.11/asyncio/futures.py:387]&gt; attached to a different loop">backend/tests/test_bloque_d.py:135: in test_payment_status_ownership_403
    asyncio.new_event_loop().run_until_complete(_cleanup())
/usr/local/lib/python3.11/asyncio/base_events.py:654: in run_until_complete
    return future.result()
           ^^^^^^^^^^^^^^^
backend/tests/test_bloque_d.py:134: in _cleanup
    await db.payment_transactions.delete_one({"session_id": session_id})
E   RuntimeError: Task &lt;Task pending name='Task-2' coro=&lt;TestPaymentStatusAuth.test_payment_status_ownership_403.&lt;locals&gt;._cleanup() running at /app/backend/tests/test_bloque_d.py:134&gt; cb=[_run_until_complete_cb() at /usr/local/lib/python3.11/asyncio/base_events.py:181]&gt; got Future &lt;Future pending cb=[_chain_future.&lt;locals&gt;._call_check_cancel() at /usr/local/lib/python3.11/asyncio/futures.py:387]&gt; attached to a different loop</failure></testcase><testcase classname="backend.tests.test_bloque_d.TestRegistrationTriggersEmail" name="test_registration_success_still_returns_token" time="0.406" /><testcase classname="backend.tests.test_bloque_d.TestAdminApproveRejectEmail" name="test_admin_can_call_estado_endpoint" time="0.876" /></testsuite></testsuites>