<?xml version="1.0" encoding="utf-8"?><testsuites name="pytest tests"><testsuite name="pytest" errors="0" failures="0" skipped="0" tests="9" time="10.736" timestamp="2026-09-09T04:45:42.316028+00:00" hostname="agent-env-c52e1801-6635-47d0-9691-01fc6d6b87fe"><testcase classname="backend.tests.test_bloque_c_payments.TestCheckoutFreePlan" name="test_free_plan_activates_and_advances_empresa" time="1.615" /><testcase classname="backend.tests.test_bloque_c_payments.TestCheckoutBankTransfer" name="test_transfer_returns_bank_details" time="1.802" /><testcase classname="backend.tests.test_bloque_c_payments.TestCheckoutDiscountCode" name="test_discount_code_applied" time="1.526" /><testcase classname="backend.tests.test_bloque_c_payments.TestCheckoutDiscountCode" name="test_invalid_discount_code_returns_400" time="1.140" /><testcase classname="backend.tests.test_bloque_c_payments.TestCheckoutValidation" name="test_checkout_fails_when_empresa_not_pendiente_pago" time="0.636" /><testcase classname="backend.tests.test_bloque_c_payments.TestCheckoutValidation" name="test_checkout_fails_invalid_plan" time="1.090" /><testcase classname="backend.tests.test_bloque_c_payments.TestPaymentStatus" name="test_payment_status_nonexistent_returns_404" time="0.137" /><testcase classname="backend.tests.test_bloque_c_payments.TestAdminSubscriptions" name="test_get_all_subscriptions" time="0.115" /><testcase classname="backend.tests.test_bloque_c_payments.TestAdminSubscriptions" name="test_confirm_transfer_flow" time="2.623" /></testsuite></testsuites>