<?xml version="1.0" encoding="utf-8"?><testsuites name="pytest tests"><testsuite name="pytest" errors="0" failures="0" skipped="0" tests="49" time="4.873" timestamp="2026-09-09T23:57:56.320424+00:00" hostname="agent-env-c52e1801-6635-47d0-9691-01fc6d6b87fe"><testcase classname="tests.test_pst_affiliation.TestPSTAuth" name="test_register_duplicate_email" time="0.230" /><testcase classname="tests.test_pst_affiliation.TestPSTAuth" name="test_register_short_password" time="0.002" /><testcase classname="tests.test_pst_affiliation.TestPSTAuth" name="test_login_success" time="0.225" /><testcase classname="tests.test_pst_affiliation.TestPSTAuth" name="test_login_wrong_password" time="0.225" /><testcase classname="tests.test_pst_affiliation.TestPSTAuth" name="test_pst_me_no_profile" time="0.003" /><testcase classname="tests.test_pst_affiliation.TestPublicCatalog" name="test_get_requisitos" time="0.002" /><testcase classname="tests.test_pst_affiliation.TestPublicCatalog" name="test_get_planes" time="0.002" /><testcase classname="tests.test_pst_affiliation.TestPSTProfile" name="test_create_profile" time="0.003" /><testcase classname="tests.test_pst_affiliation.TestPSTProfile" name="test_update_profile_no_new_record" time="0.006" /><testcase classname="tests.test_pst_affiliation.TestPSTProfile" name="test_submit_for_payment_fails_missing_requisitos" time="0.005" /><testcase classname="tests.test_pst_affiliation.TestPSTProfile" name="test_submit_for_payment_succeeds_with_all_completed" time="0.010" /><testcase classname="tests.test_pst_affiliation.TestPSTProfile" name="test_document_upload" time="0.347" /><testcase classname="tests.test_pst_affiliation.TestAdminRequisitos" name="test_admin_create_requisito" time="0.228" /><testcase classname="tests.test_pst_affiliation.TestAdminRequisitos" name="test_admin_update_requisito" time="0.003" /><testcase classname="tests.test_pst_affiliation.TestAdminRequisitos" name="test_admin_delete_requisito" time="0.002" /><testcase classname="tests.test_pst_affiliation.TestAdminPlanes" name="test_admin_create_plan" time="0.003" /><testcase classname="tests.test_pst_affiliation.TestAdminPlanes" name="test_admin_update_plan" time="0.003" /><testcase classname="tests.test_pst_affiliation.TestAdminPlanes" name="test_admin_delete_plan" time="0.002" /><testcase classname="tests.test_pst_affiliation.TestDiscountCodes" name="test_create_codigo" time="0.003" /><testcase classname="tests.test_pst_affiliation.TestDiscountCodes" name="test_list_codigos" time="0.002" /><testcase classname="tests.test_pst_affiliation.TestDiscountCodes" name="test_validate_codigo" time="0.002" /><testcase classname="tests.test_pst_affiliation.TestDiscountCodes" name="test_validate_invalid_codigo" time="0.002" /><testcase classname="tests.test_pst_affiliation.TestEmpresasAfiliadas" name="test_list_empresas_afiliadas" time="0.007" /><testcase classname="tests.test_pst_affiliation.TestEmpresasAfiliadas" name="test_approve_empresa" time="0.007" /><testcase classname="tests.test_pst_affiliation.TestEmpresasAfiliadas" name="test_reject_empresa" time="0.007" /><testcase classname="tests.test_pst_affiliation.TestAccessControl" name="test_pst_cannot_access_admin" time="0.001" /><testcase classname="tests.test_pst_affiliation.TestAccessControl" name="test_admin_cannot_access_pst" time="0.001" /><testcase classname="tests.test_pst_affiliation.TestAccessControl" name="test_unauth_admin_endpoint" time="0.001" /><testcase classname="tests.test_pst_affiliation.TestAccessControl" name="test_admin_login_still_works" time="0.224" /><testcase classname="tests.test_bloque_d.TestAfiliateAPIData" name="test_planes_returns_3" time="0.003" /><testcase classname="tests.test_bloque_d.TestAfiliateAPIData" name="test_requisitos_returns_5" time="0.002" /><testcase classname="tests.test_bloque_d.TestAfiliateAPIData" name="test_categorias_dynamic" time="0.002" /><testcase classname="tests.test_bloque_d.TestNotificationsModule" name="test_module_imports_and_functions_exist" time="0.005" /><testcase classname="tests.test_bloque_d.TestNotificationsModule" name="test_send_gracefully_fails_without_smtp" time="0.000" /><testcase classname="tests.test_bloque_d.TestStripeKeyNoFallback" name="test_payments_module_no_fallback" time="0.000" /><testcase classname="tests.test_bloque_d.TestPaymentStatusAuth" name="test_payment_status_requires_auth" time="0.002" /><testcase classname="tests.test_bloque_d.TestPaymentStatusAuth" name="test_payment_status_nonexistent_authed" time="0.227" /><testcase classname="tests.test_bloque_d.TestPaymentStatusAuth" name="test_payment_status_ownership_403" time="0.620" /><testcase classname="tests.test_bloque_d.TestRegistrationTriggersEmail" name="test_registration_success_still_returns_token" time="0.225" /><testcase classname="tests.test_bloque_d.TestAdminApproveRejectEmail" name="test_admin_can_call_estado_endpoint" time="0.236" /><testcase classname="tests.test_bloque_c_payments.TestCheckoutFreePlan" name="test_free_plan_activates_and_advances_empresa" time="0.249" /><testcase classname="tests.test_bloque_c_payments.TestCheckoutBankTransfer" name="test_transfer_returns_bank_details" time="0.469" /><testcase classname="tests.test_bloque_c_payments.TestCheckoutDiscountCode" name="test_discount_code_applied" time="0.248" /><testcase classname="tests.test_bloque_c_payments.TestCheckoutDiscountCode" name="test_invalid_discount_code_returns_400" time="0.238" /><testcase classname="tests.test_bloque_c_payments.TestCheckoutValidation" name="test_checkout_fails_when_empresa_not_pendiente_pago" time="0.231" /><testcase classname="tests.test_bloque_c_payments.TestCheckoutValidation" name="test_checkout_fails_invalid_plan" time="0.236" /><testcase classname="tests.test_bloque_c_payments.TestPaymentStatus" name="test_payment_status_nonexistent_returns_401_without_auth" time="0.001" /><testcase classname="tests.test_bloque_c_payments.TestAdminSubscriptions" name="test_get_all_subscriptions" time="0.002" /><testcase classname="tests.test_bloque_c_payments.TestAdminSubscriptions" name="test_confirm_transfer_flow" time="0.252" /></testsuite></testsuites>