<?xml version="1.0" encoding="utf-8"?><testsuites name="pytest tests"><testsuite name="pytest" errors="0" failures="1" skipped="0" tests="216" time="101.904" timestamp="2026-09-10T04:26:37.586440+00:00" hostname="agent-env-c52e1801-6635-47d0-9691-01fc6d6b87fe"><testcase classname="backend.tests.test_admin_pages_iteration12.TestAdminAPIs" name="test_empresas_returns_array" time="0.555" /><testcase classname="backend.tests.test_admin_pages_iteration12.TestAdminAPIs" name="test_actividades_returns_array" time="0.484" /><testcase classname="backend.tests.test_admin_pages_iteration12.TestAdminAPIs" name="test_articulos_returns_array" time="0.478" /><testcase classname="backend.tests.test_admin_pages_iteration12.TestAdminAPIs" name="test_categorias_returns_object_with_array" time="0.481" /><testcase classname="backend.tests.test_admin_pages_iteration12.TestAdminAPIs" name="test_usuarios_returns_array" time="0.466" /><testcase classname="backend.tests.test_admin_pages_iteration12.TestAdminAPIs" name="test_leads_returns_array" time="0.476" /><testcase classname="backend.tests.test_admin_pages_iteration12.TestAdminAPIs" name="test_media_returns_array" time="0.482" /><testcase classname="backend.tests.test_admin_pages_iteration12.TestAdminAPIs" name="test_nosotros_settings_returns_object" time="0.503" /><testcase classname="backend.tests.test_admin_pages_iteration12.TestAdminAPIs" name="test_analytics_overview" time="0.473" /><testcase classname="backend.tests.test_admin_pages_iteration12.TestAuthFlow" name="test_login_returns_token" time="0.444" /><testcase classname="backend.tests.test_admin_pages_iteration12.TestAuthFlow" name="test_login_invalid_credentials" time="0.126" /><testcase classname="backend.tests.test_api_endpoints.TestHealthAndRoot" name="test_api_root" time="0.122" /><testcase classname="backend.tests.test_api_endpoints.TestAuthentication" name="test_login_success" time="0.385" /><testcase classname="backend.tests.test_api_endpoints.TestAuthentication" name="test_login_invalid_credentials" time="0.119" /><testcase classname="backend.tests.test_api_endpoints.TestAuthentication" name="test_auth_me_with_token" time="0.490" /><testcase classname="backend.tests.test_api_endpoints.TestAnalytics" name="test_analytics_overview" time="0.118" /><testcase classname="backend.tests.test_api_endpoints.TestEmpresas" name="test_get_empresas_list" time="0.121" /><testcase classname="backend.tests.test_api_endpoints.TestEmpresas" name="test_get_empresas_with_filter" time="0.116" /><testcase classname="backend.tests.test_api_endpoints.TestArticulos" name="test_get_articulos_list" time="0.121" /><testcase classname="backend.tests.test_api_endpoints.TestActividades" name="test_get_actividades_list" time="0.148" /><testcase classname="backend.tests.test_api_endpoints.TestCategorias" name="test_get_categorias" time="0.132" /><testcase classname="backend.tests.test_api_endpoints.TestLeadsAndContacto" name="test_submit_contacto" time="0.126" /><testcase classname="backend.tests.test_api_endpoints.TestLeadsAndContacto" name="test_get_leads_requires_auth" time="0.142" /><testcase classname="backend.tests.test_api_endpoints.TestLeadsAndContacto" name="test_get_leads_with_auth" time="0.501" /><testcase classname="backend.tests.test_api_endpoints.TestSEO" name="test_sitemap_xml" time="0.132" /><testcase classname="backend.tests.test_api_endpoints.TestSettings" name="test_get_nosotros_settings" time="0.115" /><testcase classname="backend.tests.test_api_endpoints.TestCleanup" name="test_cleanup_test_leads" time="0.624" /><testcase classname="backend.tests.test_bloque_c_payments.TestCheckoutFreePlan" name="test_free_plan_activates_and_advances_empresa" time="1.248" /><testcase classname="backend.tests.test_bloque_c_payments.TestCheckoutBankTransfer" name="test_transfer_returns_bank_details" time="1.712" /><testcase classname="backend.tests.test_bloque_c_payments.TestCheckoutDiscountCode" name="test_discount_code_applied" time="1.432" /><testcase classname="backend.tests.test_bloque_c_payments.TestCheckoutDiscountCode" name="test_invalid_discount_code_returns_400" time="0.917" /><testcase classname="backend.tests.test_bloque_c_payments.TestCheckoutValidation" name="test_checkout_fails_when_empresa_not_pendiente_pago" time="0.582" /><testcase classname="backend.tests.test_bloque_c_payments.TestCheckoutValidation" name="test_checkout_fails_invalid_plan" time="0.894" /><testcase classname="backend.tests.test_bloque_c_payments.TestPaymentStatus" name="test_payment_status_nonexistent_returns_401_without_auth" time="0.152" /><testcase classname="backend.tests.test_bloque_c_payments.TestAdminSubscriptions" name="test_get_all_subscriptions" time="0.119" /><testcase classname="backend.tests.test_bloque_c_payments.TestAdminSubscriptions" name="test_confirm_transfer_flow" time="1.877" /><testcase classname="backend.tests.test_bloque_d.TestAfiliateAPIData" name="test_planes_returns_3" time="0.160" /><testcase classname="backend.tests.test_bloque_d.TestAfiliateAPIData" name="test_requisitos_returns_5" time="0.112" /><testcase classname="backend.tests.test_bloque_d.TestAfiliateAPIData" name="test_categorias_dynamic" time="0.143" /><testcase classname="backend.tests.test_bloque_d.TestNotificationsModule" name="test_module_imports_and_functions_exist" time="0.005" /><testcase classname="backend.tests.test_bloque_d.TestNotificationsModule" name="test_send_gracefully_fails_without_smtp" time="0.000" /><testcase classname="backend.tests.test_bloque_d.TestStripeKeyNoFallback" name="test_payments_module_no_fallback" time="0.000" /><testcase classname="backend.tests.test_bloque_d.TestPaymentStatusAuth" name="test_payment_status_requires_auth" time="0.126" /><testcase classname="backend.tests.test_bloque_d.TestPaymentStatusAuth" name="test_payment_status_nonexistent_authed" time="0.480" /><testcase classname="backend.tests.test_bloque_d.TestPaymentStatusAuth" name="test_payment_status_ownership_403" time="1.400" /><testcase classname="backend.tests.test_bloque_d.TestRegistrationTriggersEmail" name="test_registration_success_still_returns_token" time="0.342" /><testcase classname="backend.tests.test_bloque_d.TestAdminApproveRejectEmail" name="test_admin_can_call_estado_endpoint" time="0.813" /><testcase classname="backend.tests.test_bug_fix_iteration11.TestAPIEndpointsReturnCorrectTypes" name="test_empresas_returns_array" time="0.144" /><testcase classname="backend.tests.test_bug_fix_iteration11.TestAPIEndpointsReturnCorrectTypes" name="test_articulos_returns_array" time="0.115" /><testcase classname="backend.tests.test_bug_fix_iteration11.TestAPIEndpointsReturnCorrectTypes" name="test_actividades_returns_array" time="0.116" /><testcase classname="backend.tests.test_bug_fix_iteration11.TestAPIEndpointsReturnCorrectTypes" name="test_categorias_returns_object_with_array" time="0.129" /><testcase classname="backend.tests.test_bug_fix_iteration11.TestAPIEndpointsReturnCorrectTypes" name="test_analytics_overview_returns_totales_object" time="0.117" /><testcase classname="backend.tests.test_bug_fix_iteration11.TestAuthEndpoints" name="test_login_success" time="0.408" /><testcase classname="backend.tests.test_bug_fix_iteration11.TestAuthEndpoints" name="test_login_invalid_credentials" time="0.138" /><testcase classname="backend.tests.test_bug_fix_iteration11.TestEmpresaDetailEndpoint" name="test_empresa_detail_by_slug" time="0.134" /><testcase classname="backend.tests.test_bug_fix_iteration11.TestEmpresaDetailEndpoint" name="test_empresa_not_found" time="0.139" /><testcase classname="backend.tests.test_bug_fix_iteration11.TestFilteredEndpoints" name="test_empresas_with_destacada_filter" time="0.117" /><testcase classname="backend.tests.test_bug_fix_iteration11.TestFilteredEndpoints" name="test_empresas_with_activa_filter" time="0.143" /><testcase classname="backend.tests.test_bug_fix_iteration11.TestFilteredEndpoints" name="test_articulos_with_publicado_filter" time="0.113" /><testcase classname="backend.tests.test_bug_fix_iteration11.TestFilteredEndpoints" name="test_actividades_with_activa_filter" time="0.119" /><testcase classname="backend.tests.test_bug_fix_iteration11.TestSettingsEndpoints" name="test_settings_endpoint" time="0.116" /><testcase classname="backend.tests.test_bug_fix_iteration11.TestSettingsEndpoints" name="test_nosotros_settings_endpoint" time="0.147" /><testcase classname="backend.tests.test_phase1_features.TestEmpresasDestacadasEndpoint" name="test_empresas_destacadas_returns_array" time="0.128" /><testcase classname="backend.tests.test_phase1_features.TestEmpresasDestacadasEndpoint" name="test_empresas_destacadas_max_6" time="0.123" /><testcase classname="backend.tests.test_phase1_features.TestEmpresasDestacadasEndpoint" name="test_empresas_destacadas_has_required_fields" time="0.157" /><testcase classname="backend.tests.test_phase1_features.TestEmpresasDestacadasEndpoint" name="test_empresas_destacadas_activity_names_resolved" time="0.135" /><testcase classname="backend.tests.test_phase1_features.TestEmpresaDetailEndpoint" name="test_empresa_detail_returns_data" time="0.123" /><testcase classname="backend.tests.test_phase1_features.TestEmpresaDetailEndpoint" name="test_empresa_detail_activity_names_resolved" time="0.159" /><testcase classname="backend.tests.test_phase1_features.TestEmpresasListEndpoint" name="test_empresas_list_returns_array" time="0.150" /><testcase classname="backend.tests.test_phase1_features.TestEmpresasListEndpoint" name="test_empresas_list_activity_names_resolved" time="0.135" /><testcase classname="backend.tests.test_phase1_features.TestNosotrosSettingsEndpoint" name="test_nosotros_settings_returns_data" time="0.119" /><testcase classname="backend.tests.test_phase1_features.TestNosotrosSettingsEndpoint" name="test_nosotros_settings_has_hero_image_default" time="0.136" /><testcase classname="backend.tests.test_phase1_features.TestCategoriasEndpoint" name="test_categorias_returns_data" time="0.137" /><testcase classname="backend.tests.test_phase1_features.TestCategoriasEndpoint" name="test_categorias_max_8_displayed" time="0.120" /><testcase classname="backend.tests.test_phase1_features.TestArticulosEndpoint" name="test_articulos_returns_array" time="0.115" /><testcase classname="backend.tests.test_phase1_features.TestArticulosEndpoint" name="test_articulos_structure" time="0.129" /><testcase classname="backend.tests.test_phase2_features.TestSettingsAPI" name="test_get_settings_returns_hero_slides" time="0.516" /><testcase classname="backend.tests.test_phase2_features.TestSettingsAPI" name="test_get_settings_returns_whatsapp_fields" time="0.503" /><testcase classname="backend.tests.test_phase2_features.TestSettingsAPI" name="test_put_settings_hero_slides" time="0.430" /><testcase classname="backend.tests.test_phase2_features.TestSettingsAPI" name="test_put_settings_whatsapp_number_international_format" time="0.430" /><testcase classname="backend.tests.test_phase2_features.TestSettingsAPI" name="test_put_settings_whatsapp_visible_toggle" time="0.518" /><testcase classname="backend.tests.test_phase2_features.TestNosotrosSettingsAPI" name="test_get_nosotros_settings_returns_stats" time="0.464" /><testcase classname="backend.tests.test_phase2_features.TestNosotrosSettingsAPI" name="test_put_nosotros_settings_with_short_long_labels" time="0.531" /><testcase classname="backend.tests.test_phase2_features.TestArticulosAPI" name="test_get_articulos_list" time="0.473" /><testcase classname="backend.tests.test_phase2_features.TestArticulosAPI" name="test_articulo_supports_galeria_field" time="0.479" /><testcase classname="backend.tests.test_phase2_features.TestEmpresasAPI" name="test_get_empresas_list" time="0.470" /><testcase classname="backend.tests.test_phase2_features.TestEmpresasAPI" name="test_empresa_supports_galeria_field" time="0.476" /><testcase classname="backend.tests.test_phase2_features.TestEmpresasAPI" name="test_get_empresa_by_slug" time="0.673" /><testcase classname="backend.tests.test_phase2_features.TestCategoriasAPI" name="test_get_categorias_list" time="0.112" /><testcase classname="backend.tests.test_phase2_features.TestCategoriasAPI" name="test_categoria_has_imagen_url" time="0.121" /><testcase classname="backend.tests.test_phase2_features.TestAuthAPI" name="test_login_success" time="0.368" /><testcase classname="backend.tests.test_phase2_features.TestAuthAPI" name="test_login_invalid_credentials" time="0.136" /><testcase classname="backend.tests.test_phase3_features.TestNosotrosSettings" name="test_get_nosotros_settings_returns_200" time="0.136" /><testcase classname="backend.tests.test_phase3_features.TestNosotrosSettings" name="test_nosotros_settings_has_required_fields" time="0.131" /><testcase classname="backend.tests.test_phase3_features.TestNosotrosSettings" name="test_nosotros_settings_valores_content" time="0.116" /><testcase classname="backend.tests.test_phase3_features.TestContacto" name="test_contacto_post_success" time="0.146" /><testcase classname="backend.tests.test_phase3_features.TestContacto" name="test_contacto_post_minimal_data" time="0.131" /><testcase classname="backend.tests.test_phase3_features.TestEmpresasTopViews" name="test_get_top_views_returns_200" time="0.170" /><testcase classname="backend.tests.test_phase3_features.TestEmpresasTopViews" name="test_top_views_returns_list" time="0.131" /><testcase classname="backend.tests.test_phase3_features.TestEmpresasTopViews" name="test_top_views_has_required_fields" time="0.168" /><testcase classname="backend.tests.test_phase3_features.TestEmpresasTopViews" name="test_top_views_max_5_results" time="0.122" /><testcase classname="backend.tests.test_phase3_features.TestViewsCounter" name="test_empresa_detail_increments_views" time="0.368" /><testcase classname="backend.tests.test_phase3_features.TestEmpresas" name="test_get_empresas_returns_200" time="0.116" /><testcase classname="backend.tests.test_phase3_features.TestEmpresas" name="test_empresas_returns_list" time="36.024" /><testcase classname="backend.tests.test_phase3_features.TestEmpresas" name="test_empresa_has_required_fields" time="0.229" /><testcase classname="backend.tests.test_phase3_features.TestEmpresas" name="test_empresa_detail_returns_200" time="0.259" /><testcase classname="backend.tests.test_phase3_features.TestEmpresas" name="test_empresa_detail_has_gallery_and_coordinates" time="0.230" /><testcase classname="backend.tests.test_phase3_features.TestActividades" name="test_get_actividades_returns_200" time="0.137" /><testcase classname="backend.tests.test_phase3_features.TestActividades" name="test_actividades_count" time="0.144" /><testcase classname="backend.tests.test_phase3_new_features.TestMapaPines" name="test_get_mapa_pines_returns_200" time="0.133" /><testcase classname="backend.tests.test_phase3_new_features.TestMapaPines" name="test_mapa_pines_returns_list" time="0.162" /><testcase classname="backend.tests.test_phase3_new_features.TestMapaPines" name="test_mapa_pines_has_required_fields" time="0.129" /><testcase classname="backend.tests.test_phase3_new_features.TestMapaPines" name="test_mapa_pines_filter_by_actividad" time="0.277" /><testcase classname="backend.tests.test_phase3_new_features.TestMapaPines" name="test_mapa_pines_includes_hq_pins" time="0.141" /><testcase classname="backend.tests.test_phase3_new_features.TestWhatsAppClickTracking" name="test_whatsapp_click_post_returns_200" time="0.155" /><testcase classname="backend.tests.test_phase3_new_features.TestWhatsAppClickTracking" name="test_whatsapp_click_increments_counter" time="0.408" /><testcase classname="backend.tests.test_phase3_new_features.TestAnalyticsOverview" name="test_analytics_overview_returns_200" time="0.152" /><testcase classname="backend.tests.test_phase3_new_features.TestAnalyticsOverview" name="test_analytics_overview_has_whatsapp_clicks" time="0.156" /><testcase classname="backend.tests.test_phase3_new_features.TestAnalyticsOverview" name="test_analytics_overview_has_all_kpis" time="0.128" /><testcase classname="backend.tests.test_phase3_new_features.TestLeadsExportCSV" name="test_export_csv_requires_auth" time="0.151" /><testcase classname="backend.tests.test_phase3_new_features.TestLeadsExportCSV" name="test_export_csv_returns_csv_with_auth" time="0.508" /><testcase classname="backend.tests.test_phase3_new_features.TestLeadsExportCSV" name="test_export_csv_has_utf8_bom" time="0.462" /><testcase classname="backend.tests.test_phase3_new_features.TestLeadsExportCSV" name="test_export_csv_has_correct_headers" time="0.487" /><testcase classname="backend.tests.test_phase3_new_features.TestLeadsExportCSV" name="test_export_csv_content_disposition" time="0.483" /><testcase classname="backend.tests.test_phase3_new_features.TestEmpresaUbicacionesActividades" name="test_empresa_has_ubicaciones_actividades_field" time="0.266" /><testcase classname="backend.tests.test_phase3_new_features.TestEmpresaUbicacionesActividades" name="test_update_empresa_with_ubicaciones_actividades" time="0.902" /><testcase classname="backend.tests.test_phase3_new_features.TestLeadsEndpoint" name="test_get_leads_requires_auth" time="0.134" /><testcase classname="backend.tests.test_phase3_new_features.TestLeadsEndpoint" name="test_get_leads_with_auth" time="0.533" /><testcase classname="backend.tests.test_phase4_features.TestAuthRole" name="test_login_returns_token" time="0.736" /><testcase classname="backend.tests.test_phase4_features.TestAuthRole" name="test_auth_me_returns_role" time="0.130" /><testcase classname="backend.tests.test_phase4_features.TestLeadsManagement" name="test_contacto_saves_with_leido_false" time="0.142" /><testcase classname="backend.tests.test_phase4_features.TestLeadsManagement" name="test_get_leads_requires_admin" time="0.155" /><testcase classname="backend.tests.test_phase4_features.TestLeadsManagement" name="test_get_leads_returns_list" time="0.133" /><testcase classname="backend.tests.test_phase4_features.TestLeadsManagement" name="test_create_and_verify_lead" time="0.276" /><testcase classname="backend.tests.test_phase4_features.TestLeadsManagement" name="test_mark_lead_as_read" time="0.538" /><testcase classname="backend.tests.test_phase4_features.TestLeadsManagement" name="test_delete_lead" time="0.508" /><testcase classname="backend.tests.test_phase4_features.TestLeadsManagement" name="test_leads_requires_admin_role" time="0.114" /><testcase classname="backend.tests.test_phase4_features.TestNosotrosSettings" name="test_get_nosotros_settings_public" time="0.140" /><testcase classname="backend.tests.test_phase4_features.TestNosotrosSettings" name="test_put_nosotros_settings_requires_auth" time="0.113" /><testcase classname="backend.tests.test_phase4_features.TestNosotrosSettings" name="test_update_nosotros_settings" time="0.568" /><testcase classname="backend.tests.test_phase4_features.TestUsuariosCRUD" name="test_get_usuarios_requires_admin" time="0.138" /><testcase classname="backend.tests.test_phase4_features.TestUsuariosCRUD" name="test_get_usuarios_returns_list_without_password" time="0.119" /><testcase classname="backend.tests.test_phase4_features.TestUsuariosCRUD" name="test_create_user_with_editor_role" time="0.466" /><testcase classname="backend.tests.test_phase4_features.TestUsuariosCRUD" name="test_create_duplicate_username_fails" time="0.123" /><testcase classname="backend.tests.test_phase4_features.TestUsuariosCRUD" name="test_update_user" time="0.760" /><testcase classname="backend.tests.test_phase4_features.TestUsuariosCRUD" name="test_delete_user" time="0.584" /><testcase classname="backend.tests.test_phase4_features.TestUsuariosCRUD" name="test_cannot_delete_self" time="0.126" /><testcase classname="backend.tests.test_phase4_features.TestUsuariosCRUD" name="test_editor_login_returns_editor_role" time="1.076" /><testcase classname="backend.tests.test_phase4_features.TestUsuariosCRUD" name="test_editor_cannot_access_leads" time="1.346" /><testcase classname="backend.tests.test_phases_all.TestPhase1Security" name="test_seed_endpoint_removed" time="0.144" /><testcase classname="backend.tests.test_phases_all.TestPhase1Security" name="test_admin_login_works" time="0.306" /><testcase classname="backend.tests.test_phases_all.TestPhase1Security" name="test_cors_no_wildcard_in_server_py" time="0.000" /><testcase classname="backend.tests.test_phases_all.TestPhase1Security" name="test_jwt_secret_no_default" time="0.001" /><testcase classname="backend.tests.test_phases_all.TestPhase1Security" name="test_docker_compose_no_backend_db_ports" time="0.001" /><testcase classname="backend.tests.test_phases_all.TestPhase2SSL" name="test_nginx_acme_challenge_block" time="0.001" /><testcase classname="backend.tests.test_phases_all.TestPhase2SSL" name="test_docker_compose_webroot_volume" time="0.000" /><testcase classname="backend.tests.test_phases_all.TestPhase3PWA" name="test_manifest_accessible" time="0.087" /><testcase classname="backend.tests.test_phases_all.TestPhase3PWA" name="test_service_worker_accessible" time="0.086" /><testcase classname="backend.tests.test_phases_all.TestPhase3PWA" name="test_index_html_has_pwa_tags" time="0.077" /><testcase classname="backend.tests.test_phases_all.TestPhase4ImportExport" name="test_plantilla_no_auth_required" time="0.969" /><testcase classname="backend.tests.test_phases_all.TestPhase4ImportExport" name="test_exportar_requires_auth" time="0.078" /><testcase classname="backend.tests.test_phases_all.TestPhase4ImportExport" name="test_exportar_with_auth" time="0.399" /><testcase classname="backend.tests.test_phases_all.TestPhase4ImportExport" name="test_importar_requires_auth" time="0.079" /><testcase classname="backend.tests.test_phases_all.TestPhase5SEO" name="test_sitemap_uses_production_domain" time="0.080" /><testcase classname="backend.tests.test_phases_all.TestPhase5SEO" name="test_robots_txt_accessible" time="0.082" /><testcase classname="backend.tests.test_pst_affiliation.TestPSTAuth" name="test_register_duplicate_email" time="0.510" /><testcase classname="backend.tests.test_pst_affiliation.TestPSTAuth" name="test_register_short_password" time="0.136" /><testcase classname="backend.tests.test_pst_affiliation.TestPSTAuth" name="test_login_success" time="0.347" /><testcase classname="backend.tests.test_pst_affiliation.TestPSTAuth" name="test_login_wrong_password" time="0.429" /><testcase classname="backend.tests.test_pst_affiliation.TestPSTAuth" name="test_pst_me_no_profile" time="0.124" /><testcase classname="backend.tests.test_pst_affiliation.TestPublicCatalog" name="test_get_requisitos" time="0.137" /><testcase classname="backend.tests.test_pst_affiliation.TestPublicCatalog" name="test_get_planes" time="0.120" /><testcase classname="backend.tests.test_pst_affiliation.TestPSTProfile" name="test_create_profile" time="0.126" /><testcase classname="backend.tests.test_pst_affiliation.TestPSTProfile" name="test_update_profile_no_new_record" time="0.255" /><testcase classname="backend.tests.test_pst_affiliation.TestPSTProfile" name="test_submit_for_payment_fails_missing_requisitos" time="0.274" /><testcase classname="backend.tests.test_pst_affiliation.TestPSTProfile" name="test_submit_for_payment_succeeds_with_all_completed" time="0.548" /><testcase classname="backend.tests.test_pst_affiliation.TestPSTProfile" name="test_document_upload" time="1.527" /><testcase classname="backend.tests.test_pst_affiliation.TestAdminRequisitos" name="test_admin_create_requisito" time="0.467" /><testcase classname="backend.tests.test_pst_affiliation.TestAdminRequisitos" name="test_admin_update_requisito" time="0.132" /><testcase classname="backend.tests.test_pst_affiliation.TestAdminRequisitos" name="test_admin_delete_requisito" time="0.138" /><testcase classname="backend.tests.test_pst_affiliation.TestAdminPlanes" name="test_admin_create_plan" time="0.143" /><testcase classname="backend.tests.test_pst_affiliation.TestAdminPlanes" name="test_admin_update_plan" time="0.126" /><testcase classname="backend.tests.test_pst_affiliation.TestAdminPlanes" name="test_admin_delete_plan" time="0.133" /><testcase classname="backend.tests.test_pst_affiliation.TestDiscountCodes" name="test_create_codigo" time="0.123" /><testcase classname="backend.tests.test_pst_affiliation.TestDiscountCodes" name="test_list_codigos" time="0.145" /><testcase classname="backend.tests.test_pst_affiliation.TestDiscountCodes" name="test_validate_codigo" time="0.140" /><testcase classname="backend.tests.test_pst_affiliation.TestDiscountCodes" name="test_validate_invalid_codigo" time="0.120" /><testcase classname="backend.tests.test_pst_affiliation.TestEmpresasAfiliadas" name="test_list_empresas_afiliadas" time="0.330" /><testcase classname="backend.tests.test_pst_affiliation.TestEmpresasAfiliadas" name="test_approve_empresa" time="0.408" /><testcase classname="backend.tests.test_pst_affiliation.TestEmpresasAfiliadas" name="test_reject_empresa" time="0.429" /><testcase classname="backend.tests.test_pst_affiliation.TestAccessControl" name="test_pst_cannot_access_admin" time="0.125" /><testcase classname="backend.tests.test_pst_affiliation.TestAccessControl" name="test_admin_cannot_access_pst" time="0.125" /><testcase classname="backend.tests.test_pst_affiliation.TestAccessControl" name="test_unauth_admin_endpoint" time="0.149" /><testcase classname="backend.tests.test_pst_affiliation.TestAccessControl" name="test_admin_login_still_works" time="0.343" /><testcase classname="backend.tests.test_seo_features.TestSitemapXML" name="test_sitemap_returns_valid_xml" time="0.152" /><testcase classname="backend.tests.test_seo_features.TestSitemapXML" name="test_sitemap_contains_static_pages" time="0.142"><failure message="AssertionError: Missing page: /&#10;assert '&lt;loc&gt;https://nature-hub-23.preview.emergentagent.com/&lt;/loc&gt;' in '&lt;?xml version=&quot;1.0&quot; encoding=&quot;UTF-8&quot;?&gt;\n&lt;urlset xmlns=&quot;http://www.sitemaps.org/schemas/sitemap/0.9&quot;&gt;\n  &lt;url&gt;\n    &lt;loc&gt;https://clusterturismojalisco.com.mx/&lt;/loc&gt;\n    &lt;lastmod&gt;2026-09-10&lt;/lastmod&gt;\n    &lt;changefreq&gt;weekly&lt;/changefreq&gt;\n    &lt;priority&gt;1.0&lt;/priority&gt;\n  &lt;/url&gt;\n  &lt;url&gt;\n    &lt;loc&gt;https://clusterturismojalisco.com.mx/empresas&lt;/loc&gt;\n    &lt;lastmod&gt;2026-09-10&lt;/lastmod&gt;\n    &lt;changefreq&gt;daily&lt;/changefreq&gt;\n    &lt;priority&gt;0.9&lt;/priority&gt;\n  &lt;/url&gt;\n  &lt;url&gt;\n    &lt;loc&gt;https://clusterturismojalisco.com.mx/mapa&lt;/loc&gt;\n    &lt;lastmod&gt;2026-09-10&lt;/lastmod&gt;\n    &lt;changefreq&gt;weekly&lt;/changefreq&gt;\n    &lt;priority&gt;0.8&lt;/priority&gt;\n  &lt;/url&gt;\n  &lt;url&gt;\n    &lt;loc&gt;https://clusterturismojalisco.com.mx/prensa&lt;/loc&gt;\n    &lt;lastmod&gt;2026-09-10&lt;/lastmod&gt;\n    &lt;changefreq&gt;daily&lt;/changefreq&gt;\n    &lt;priority&gt;0.7&lt;/priority&gt;\n  &lt;/url&gt;\n  &lt;url&gt;\n    &lt;loc&gt;https://clusterturismojalisco.com.mx/nosotros&lt;/loc&gt;\n    &lt;lastmod&gt;2026-09-10&lt;/lastmod&gt;\n    &lt;changefreq&gt;monthly&lt;/changefreq&gt;\n    &lt;priority&gt;0.7&lt;/priority&gt;\n  &lt;/url&gt;\n  &lt;url&gt;\n    &lt;loc&gt;https://clusterturismojalisco.com.mx/empresas/ecomuk-aventura-natural&lt;/loc&gt;\n    &lt;lastmod&gt;2026-09-10&lt;/lastmod&gt;\n    &lt;changefreq&gt;weekly&lt;/changefreq&gt;\n    &lt;priority&gt;0.8&lt;/priority&gt;...-por-jalisco&lt;/loc&gt;\n    &lt;lastmod&gt;2026-03-03&lt;/lastmod&gt;\n    &lt;changefreq&gt;weekly&lt;/changefreq&gt;\n    &lt;priority&gt;0.8&lt;/priority&gt;\n  &lt;/url&gt;\n  &lt;url&gt;\n    &lt;loc&gt;https://clusterturismojalisco.com.mx/empresas/test-empresa-upload&lt;/loc&gt;\n    &lt;lastmod&gt;2026-03-23&lt;/lastmod&gt;\n    &lt;changefreq&gt;weekly&lt;/changefreq&gt;\n    &lt;priority&gt;0.8&lt;/priority&gt;\n  &lt;/url&gt;\n  &lt;url&gt;\n    &lt;loc&gt;https://clusterturismojalisco.com.mx/empresas/aventuras-test&lt;/loc&gt;\n    &lt;lastmod&gt;2026-09-09&lt;/lastmod&gt;\n    &lt;changefreq&gt;weekly&lt;/changefreq&gt;\n    &lt;priority&gt;0.8&lt;/priority&gt;\n  &lt;/url&gt;\n  &lt;url&gt;\n    &lt;loc&gt;https://clusterturismojalisco.com.mx/prensa/bienvenidos-al-cluster-de-turismo-de-naturaleza-y-aventura-jalisco&lt;/loc&gt;\n    &lt;lastmod&gt;2026-03-03&lt;/lastmod&gt;\n    &lt;changefreq&gt;weekly&lt;/changefreq&gt;\n    &lt;priority&gt;0.6&lt;/priority&gt;\n  &lt;/url&gt;\n  &lt;url&gt;\n    &lt;loc&gt;https://clusterturismojalisco.com.mx/prensa/bienvenidos-al-cluster&lt;/loc&gt;\n    &lt;lastmod&gt;2026-03-28&lt;/lastmod&gt;\n    &lt;changefreq&gt;weekly&lt;/changefreq&gt;\n    &lt;priority&gt;0.6&lt;/priority&gt;\n  &lt;/url&gt;\n  &lt;url&gt;\n    &lt;loc&gt;https://clusterturismojalisco.com.mx/prensa/bienvenidos-al-cluster&lt;/loc&gt;\n    &lt;lastmod&gt;2026-03-03&lt;/lastmod&gt;\n    &lt;changefreq&gt;weekly&lt;/changefreq&gt;\n    &lt;priority&gt;0.6&lt;/priority&gt;\n  &lt;/url&gt;\n&lt;/urlset&gt;'">E   AssertionError: Missing page: /
    assert '&lt;loc&gt;https://nature-hub-23.preview.emergentagent.com/&lt;/loc&gt;' in '&lt;?xml version="1.0" encoding="UTF-8"?&gt;\n&lt;urlset xmlns="http://www.sitemaps.org/schemas/sitemap/0.9"&gt;\n  &lt;url&gt;\n    &lt;loc&gt;https://clusterturismojalisco.com.mx/&lt;/loc&gt;\n    &lt;lastmod&gt;2026-09-10&lt;/lastmod&gt;\n    &lt;changefreq&gt;weekly&lt;/changefreq&gt;\n    &lt;priority&gt;1.0&lt;/priority&gt;\n  &lt;/url&gt;\n  &lt;url&gt;\n    &lt;loc&gt;https://clusterturismojalisco.com.mx/empresas&lt;/loc&gt;\n    &lt;lastmod&gt;2026-09-10&lt;/lastmod&gt;\n    &lt;changefreq&gt;daily&lt;/changefreq&gt;\n    &lt;priority&gt;0.9&lt;/priority&gt;\n  &lt;/url&gt;\n  &lt;url&gt;\n    &lt;loc&gt;https://clusterturismojalisco.com.mx/mapa&lt;/loc&gt;\n    &lt;lastmod&gt;2026-09-10&lt;/lastmod&gt;\n    &lt;changefreq&gt;weekly&lt;/changefreq&gt;\n    &lt;priority&gt;0.8&lt;/priority&gt;\n  &lt;/url&gt;\n  &lt;url&gt;\n    &lt;loc&gt;https://clusterturismojalisco.com.mx/prensa&lt;/loc&gt;\n    &lt;lastmod&gt;2026-09-10&lt;/lastmod&gt;\n    &lt;changefreq&gt;daily&lt;/changefreq&gt;\n    &lt;priority&gt;0.7&lt;/priority&gt;\n  &lt;/url&gt;\n  &lt;url&gt;\n    &lt;loc&gt;https://clusterturismojalisco.com.mx/nosotros&lt;/loc&gt;\n    &lt;lastmod&gt;2026-09-10&lt;/lastmod&gt;\n    &lt;changefreq&gt;monthly&lt;/changefreq&gt;\n    &lt;priority&gt;0.7&lt;/priority&gt;\n  &lt;/url&gt;\n  &lt;url&gt;\n    &lt;loc&gt;https://clusterturismojalisco.com.mx/empresas/ecomuk-aventura-natural&lt;/loc&gt;\n    &lt;lastmod&gt;2026-09-10&lt;/lastmod&gt;\n    &lt;changefreq&gt;weekly&lt;/changefreq&gt;\n    &lt;priority&gt;0.8&lt;/priority&gt;...-por-jalisco&lt;/loc&gt;\n    &lt;lastmod&gt;2026-03-03&lt;/lastmod&gt;\n    &lt;changefreq&gt;weekly&lt;/changefreq&gt;\n    &lt;priority&gt;0.8&lt;/priority&gt;\n  &lt;/url&gt;\n  &lt;url&gt;\n    &lt;loc&gt;https://clusterturismojalisco.com.mx/empresas/test-empresa-upload&lt;/loc&gt;\n    &lt;lastmod&gt;2026-03-23&lt;/lastmod&gt;\n    &lt;changefreq&gt;weekly&lt;/changefreq&gt;\n    &lt;priority&gt;0.8&lt;/priority&gt;\n  &lt;/url&gt;\n  &lt;url&gt;\n    &lt;loc&gt;https://clusterturismojalisco.com.mx/empresas/aventuras-test&lt;/loc&gt;\n    &lt;lastmod&gt;2026-09-09&lt;/lastmod&gt;\n    &lt;changefreq&gt;weekly&lt;/changefreq&gt;\n    &lt;priority&gt;0.8&lt;/priority&gt;\n  &lt;/url&gt;\n  &lt;url&gt;\n    &lt;loc&gt;https://clusterturismojalisco.com.mx/prensa/bienvenidos-al-cluster-de-turismo-de-naturaleza-y-aventura-jalisco&lt;/loc&gt;\n    &lt;lastmod&gt;2026-03-03&lt;/lastmod&gt;\n    &lt;changefreq&gt;weekly&lt;/changefreq&gt;\n    &lt;priority&gt;0.6&lt;/priority&gt;\n  &lt;/url&gt;\n  &lt;url&gt;\n    &lt;loc&gt;https://clusterturismojalisco.com.mx/prensa/bienvenidos-al-cluster&lt;/loc&gt;\n    &lt;lastmod&gt;2026-03-28&lt;/lastmod&gt;\n    &lt;changefreq&gt;weekly&lt;/changefreq&gt;\n    &lt;priority&gt;0.6&lt;/priority&gt;\n  &lt;/url&gt;\n  &lt;url&gt;\n    &lt;loc&gt;https://clusterturismojalisco.com.mx/prensa/bienvenidos-al-cluster&lt;/loc&gt;\n    &lt;lastmod&gt;2026-03-03&lt;/lastmod&gt;\n    &lt;changefreq&gt;weekly&lt;/changefreq&gt;\n    &lt;priority&gt;0.6&lt;/priority&gt;\n  &lt;/url&gt;\n&lt;/urlset&gt;'</failure></testcase><testcase classname="backend.tests.test_seo_features.TestSitemapXML" name="test_sitemap_contains_empresa_entries" time="0.278" /><testcase classname="backend.tests.test_seo_features.TestSitemapXML" name="test_sitemap_contains_articulo_entries" time="0.282" /><testcase classname="backend.tests.test_seo_features.TestSitemapXML" name="test_sitemap_has_required_elements" time="0.118" /><testcase classname="backend.tests.test_seo_features.TestAPIEndpoints" name="test_api_root" time="0.138" /><testcase classname="backend.tests.test_seo_features.TestAPIEndpoints" name="test_empresas_endpoint" time="0.118" /><testcase classname="backend.tests.test_seo_features.TestAPIEndpoints" name="test_empresa_detail_endpoint" time="0.280" /><testcase classname="backend.tests.test_seo_features.TestAPIEndpoints" name="test_articulos_endpoint" time="0.124" /><testcase classname="backend.tests.test_seo_features.TestAPIEndpoints" name="test_articulo_detail_endpoint" time="0.288" /><testcase classname="backend.tests.test_seo_features.TestEmpresaSchemaMapping" name="test_schema_type_mapping_exists" time="0.160" /><testcase classname="backend.tests.test_settings_maintenance" name="test_get_settings_public" time="0.151" /><testcase classname="backend.tests.test_settings_maintenance" name="test_put_settings_persists_logo_and_maintenance" time="0.613" /><testcase classname="backend.tests.test_settings_maintenance" name="test_toggle_maintenance_off" time="0.255" /><testcase classname="backend.tests.test_settings_maintenance" name="test_put_settings_requires_auth" time="0.115" /><testcase classname="backend.tests.test_settings_maintenance" name="test_cleanup_reset_logo" time="0.122" /><testcase classname="backend.tests.test_stripe_config_from_db.TestPaymentsSource" name="test_contains_get_stripe_config_and_db_settings" time="0.000" /><testcase classname="backend.tests.test_stripe_config_from_db.TestPaymentsSource" name="test_no_module_level_stripe_api_key_from_env" time="0.000" /><testcase classname="backend.tests.test_stripe_config_from_db.TestPaymentsSource" name="test_webhook_reads_from_get_stripe_config" time="0.000" /><testcase classname="backend.tests.test_stripe_config_from_db.TestSettingsPersistStripe" name="test_put_and_get_settings_persists_stripe_keys" time="0.862" /><testcase classname="backend.tests.test_stripe_config_from_db.TestCheckoutReadsFromDbSettings" name="test_checkout_uses_db_settings_key" time="1.423" /><testcase classname="backend.tests.test_stripe_config_from_db.TestCheckoutReadsFromDbSettings" name="test_webhook_returns_500_when_webhook_secret_missing" time="0.862" /></testsuite></testsuites>