<?xml version="1.0" encoding="utf-8"?><testsuites name="pytest tests"><testsuite name="pytest" errors="0" failures="0" skipped="0" tests="11" time="3.611" timestamp="2026-09-10T04:25:40.925808+00:00" hostname="agent-env-c52e1801-6635-47d0-9691-01fc6d6b87fe"><testcase classname="backend.tests.test_bloque_d.TestAfiliateAPIData" name="test_planes_returns_3" time="0.294" /><testcase classname="backend.tests.test_bloque_d.TestAfiliateAPIData" name="test_requisitos_returns_5" time="0.129" /><testcase classname="backend.tests.test_bloque_d.TestAfiliateAPIData" name="test_categorias_dynamic" time="0.133" /><testcase classname="backend.tests.test_bloque_d.TestNotificationsModule" name="test_module_imports_and_functions_exist" time="0.004" /><testcase classname="backend.tests.test_bloque_d.TestNotificationsModule" name="test_send_gracefully_fails_without_smtp" time="0.000" /><testcase classname="backend.tests.test_bloque_d.TestStripeKeyNoFallback" name="test_payments_module_no_fallback" time="0.000" /><testcase classname="backend.tests.test_bloque_d.TestPaymentStatusAuth" name="test_payment_status_requires_auth" time="0.175" /><testcase classname="backend.tests.test_bloque_d.TestPaymentStatusAuth" name="test_payment_status_nonexistent_authed" time="0.469" /><testcase classname="backend.tests.test_bloque_d.TestPaymentStatusAuth" name="test_payment_status_ownership_403" time="1.125" /><testcase classname="backend.tests.test_bloque_d.TestRegistrationTriggersEmail" name="test_registration_success_still_returns_token" time="0.350" /><testcase classname="backend.tests.test_bloque_d.TestAdminApproveRejectEmail" name="test_admin_can_call_estado_endpoint" time="0.880" /></testsuite></testsuites>