<?xml version="1.0" encoding="utf-8"?><testsuites name="pytest tests"><testsuite name="pytest" errors="0" failures="0" skipped="0" tests="5" time="1.707" timestamp="2026-09-10T03:35:51.781514+00:00" hostname="agent-env-c52e1801-6635-47d0-9691-01fc6d6b87fe"><testcase classname="backend.tests.test_settings_maintenance" name="test_get_settings_public" time="0.181" /><testcase classname="backend.tests.test_settings_maintenance" name="test_put_settings_persists_logo_and_maintenance" time="0.760" /><testcase classname="backend.tests.test_settings_maintenance" name="test_toggle_maintenance_off" time="0.419" /><testcase classname="backend.tests.test_settings_maintenance" name="test_put_settings_requires_auth" time="0.143" /><testcase classname="backend.tests.test_settings_maintenance" name="test_cleanup_reset_logo" time="0.149" /></testsuite></testsuites>