<?xml version="1.0" encoding="utf-8"?><testsuites name="pytest tests"><testsuite name="pytest" errors="0" failures="0" skipped="0" tests="6" time="3.288" timestamp="2026-09-10T04:26:29.377384+00:00" hostname="agent-env-c52e1801-6635-47d0-9691-01fc6d6b87fe"><testcase classname="backend.tests.test_stripe_config_from_db.TestPaymentsSource" name="test_contains_get_stripe_config_and_db_settings" time="0.000" /><testcase classname="backend.tests.test_stripe_config_from_db.TestPaymentsSource" name="test_no_module_level_stripe_api_key_from_env" time="0.000" /><testcase classname="backend.tests.test_stripe_config_from_db.TestPaymentsSource" name="test_webhook_reads_from_get_stripe_config" time="0.000" /><testcase classname="backend.tests.test_stripe_config_from_db.TestSettingsPersistStripe" name="test_put_and_get_settings_persists_stripe_keys" time="0.939" /><testcase classname="backend.tests.test_stripe_config_from_db.TestCheckoutReadsFromDbSettings" name="test_checkout_uses_db_settings_key" time="1.366" /><testcase classname="backend.tests.test_stripe_config_from_db.TestCheckoutReadsFromDbSettings" name="test_webhook_returns_500_when_webhook_secret_missing" time="0.929" /></testsuite></testsuites>