<?xml version="1.0" encoding="utf-8"?><testsuites name="pytest tests"><testsuite name="pytest" errors="0" failures="0" skipped="0" tests="7" time="2.178" timestamp="2026-09-10T04:39:38.874500+00:00" hostname="agent-env-c52e1801-6635-47d0-9691-01fc6d6b87fe"><testcase classname="tests.test_storage_local.TestStorageModule" name="test_storage_py_no_emergent_refs" time="0.000" /><testcase classname="tests.test_storage_local.TestStorageModule" name="test_server_startup_log_local_storage" time="0.005" /><testcase classname="tests.test_storage_local.TestMediaUpload" name="test_upload_and_download_media" time="0.256" /><testcase classname="tests.test_storage_local.TestPstDocumentUpload" name="test_pst_upload_and_download" time="0.231" /><testcase classname="tests.test_storage_local.TestLegacyStaticFiles" name="test_legacy_uploads_mount_serves_files" time="0.005" /><testcase classname="tests.test_storage_local.TestCISimulation" name="test_upload_roundtrip_without_emergent_key" time="1.258" /><testcase classname="tests.test_storage_local.TestCISimulation" name="test_ci_startup_log_local_storage" time="0.366" /></testsuite></testsuites>