<?xml version="1.0" encoding="utf-8"?><testsuites name="pytest tests"><testsuite name="pytest" errors="0" failures="1" skipped="0" tests="29" time="7.069" timestamp="2026-09-09T03:45:19.852778+00:00" hostname="agent-env-c52e1801-6635-47d0-9691-01fc6d6b87fe"><testcase classname="backend.tests.test_pst_affiliation.TestPSTAuth" name="test_register_duplicate_email" time="0.676" /><testcase classname="backend.tests.test_pst_affiliation.TestPSTAuth" name="test_register_short_password" time="0.120" /><testcase classname="backend.tests.test_pst_affiliation.TestPSTAuth" name="test_login_success" time="0.346" /><testcase classname="backend.tests.test_pst_affiliation.TestPSTAuth" name="test_login_wrong_password" time="0.344" /><testcase classname="backend.tests.test_pst_affiliation.TestPSTAuth" name="test_pst_me_no_profile" time="0.121" /><testcase classname="backend.tests.test_pst_affiliation.TestPublicCatalog" name="test_get_requisitos" time="0.111"><failure message="AssertionError: assert False&#10; +  where False = &lt;built-in method issubset of set object at 0xfd03d3415000&gt;({'activo', 'bloqueante', 'descripcion', 'documento_requerido', 'eje', 'id', ...})&#10; +    where &lt;built-in method issubset of set object at 0xfd03d3415000&gt; = {'activo', 'bloqueante', 'id', 'nombre', 'tipo'}.issubset&#10; +    and   {'activo', 'bloqueante', 'descripcion', 'documento_requerido', 'eje', 'id', ...} = set(dict_keys(['id', 'nombre', 'descripcion', 'eje', 'bloqueante', 'tipo_captura', 'opciones_selector', 'documento_requerido', 'texto_informativo', 'orden', 'activo']))&#10; +      where dict_keys(['id', 'nombre', 'descripcion', 'eje', 'bloqueante', 'tipo_captura', 'opciones_selector', 'documento_requerido', 'texto_informativo', 'orden', 'activo']) = &lt;built-in method keys of dict object at 0xfd03d3422440&gt;()&#10; +        where &lt;built-in method keys of dict object at 0xfd03d3422440&gt; = {'activo': True, 'bloqueante': True, 'descripcion': 'Constancia de Situación Fiscal vigente ante el SAT', 'documento_requerido': True, ...}.keys">backend/tests/test_pst_affiliation.py:114: in test_get_requisitos
    assert keys.issubset(set(items[0].keys()))
E   AssertionError: assert False
E    +  where False = &lt;built-in method issubset of set object at 0xfd03d3415000&gt;({'activo', 'bloqueante', 'descripcion', 'documento_requerido', 'eje', 'id', ...})
E    +    where &lt;built-in method issubset of set object at 0xfd03d3415000&gt; = {'activo', 'bloqueante', 'id', 'nombre', 'tipo'}.issubset
E    +    and   {'activo', 'bloqueante', 'descripcion', 'documento_requerido', 'eje', 'id', ...} = set(dict_keys(['id', 'nombre', 'descripcion', 'eje', 'bloqueante', 'tipo_captura', 'opciones_selector', 'documento_requerido', 'texto_informativo', 'orden', 'activo']))
E    +      where dict_keys(['id', 'nombre', 'descripcion', 'eje', 'bloqueante', 'tipo_captura', 'opciones_selector', 'documento_requerido', 'texto_informativo', 'orden', 'activo']) = &lt;built-in method keys of dict object at 0xfd03d3422440&gt;()
E    +        where &lt;built-in method keys of dict object at 0xfd03d3422440&gt; = {'activo': True, 'bloqueante': True, 'descripcion': 'Constancia de Situación Fiscal vigente ante el SAT', 'documento_requerido': True, ...}.keys</failure></testcase><testcase classname="backend.tests.test_pst_affiliation.TestPublicCatalog" name="test_get_planes" time="0.125" /><testcase classname="backend.tests.test_pst_affiliation.TestPSTProfile" name="test_create_profile" time="0.117" /><testcase classname="backend.tests.test_pst_affiliation.TestPSTProfile" name="test_update_profile_no_new_record" time="0.278" /><testcase classname="backend.tests.test_pst_affiliation.TestPSTProfile" name="test_submit_for_payment_fails_missing_requisitos" time="0.336" /><testcase classname="backend.tests.test_pst_affiliation.TestPSTProfile" name="test_submit_for_payment_succeeds_with_all_completed" time="0.484" /><testcase classname="backend.tests.test_pst_affiliation.TestPSTProfile" name="test_document_upload" time="0.334" /><testcase classname="backend.tests.test_pst_affiliation.TestAdminRequisitos" name="test_admin_create_requisito" time="0.478" /><testcase classname="backend.tests.test_pst_affiliation.TestAdminRequisitos" name="test_admin_update_requisito" time="0.150" /><testcase classname="backend.tests.test_pst_affiliation.TestAdminRequisitos" name="test_admin_delete_requisito" time="0.151" /><testcase classname="backend.tests.test_pst_affiliation.TestAdminPlanes" name="test_admin_create_plan" time="0.125" /><testcase classname="backend.tests.test_pst_affiliation.TestAdminPlanes" name="test_admin_update_plan" time="0.136" /><testcase classname="backend.tests.test_pst_affiliation.TestAdminPlanes" name="test_admin_delete_plan" time="0.121" /><testcase classname="backend.tests.test_pst_affiliation.TestDiscountCodes" name="test_create_codigo" time="0.192" /><testcase classname="backend.tests.test_pst_affiliation.TestDiscountCodes" name="test_list_codigos" time="0.115" /><testcase classname="backend.tests.test_pst_affiliation.TestDiscountCodes" name="test_validate_codigo" time="0.141" /><testcase classname="backend.tests.test_pst_affiliation.TestDiscountCodes" name="test_validate_invalid_codigo" time="0.144" /><testcase classname="backend.tests.test_pst_affiliation.TestEmpresasAfiliadas" name="test_list_empresas_afiliadas" time="0.271" /><testcase classname="backend.tests.test_pst_affiliation.TestEmpresasAfiliadas" name="test_approve_empresa" time="0.439" /><testcase classname="backend.tests.test_pst_affiliation.TestEmpresasAfiliadas" name="test_reject_empresa" time="0.372" /><testcase classname="backend.tests.test_pst_affiliation.TestAccessControl" name="test_pst_cannot_access_admin" time="0.163" /><testcase classname="backend.tests.test_pst_affiliation.TestAccessControl" name="test_admin_cannot_access_pst" time="0.118" /><testcase classname="backend.tests.test_pst_affiliation.TestAccessControl" name="test_unauth_admin_endpoint" time="0.120" /><testcase classname="backend.tests.test_pst_affiliation.TestAccessControl" name="test_admin_login_still_works" time="0.364" /></testsuite></testsuites>