<?xml version="1.0" encoding="utf-8"?><testsuites name="pytest tests"><testsuite name="pytest" errors="0" failures="0" skipped="0" tests="16" time="3.751" timestamp="2026-03-24T03:54:48.863600+00:00" hostname="agent-env-8566c2a7-7571-4642-baf4-9b643a28806e"><testcase classname="tests.test_api_endpoints.TestHealthAndRoot" name="test_api_root" time="0.142" /><testcase classname="tests.test_api_endpoints.TestAuthentication" name="test_login_success" time="0.328" /><testcase classname="tests.test_api_endpoints.TestAuthentication" name="test_login_invalid_credentials" time="0.099" /><testcase classname="tests.test_api_endpoints.TestAuthentication" name="test_auth_me_with_token" time="0.432" /><testcase classname="tests.test_api_endpoints.TestAnalytics" name="test_analytics_overview" time="0.120" /><testcase classname="tests.test_api_endpoints.TestEmpresas" name="test_get_empresas_list" time="0.132" /><testcase classname="tests.test_api_endpoints.TestEmpresas" name="test_get_empresas_with_filter" time="0.139" /><testcase classname="tests.test_api_endpoints.TestArticulos" name="test_get_articulos_list" time="0.101" /><testcase classname="tests.test_api_endpoints.TestActividades" name="test_get_actividades_list" time="0.099" /><testcase classname="tests.test_api_endpoints.TestCategorias" name="test_get_categorias" time="0.109" /><testcase classname="tests.test_api_endpoints.TestLeadsAndContacto" name="test_submit_contacto" time="0.099" /><testcase classname="tests.test_api_endpoints.TestLeadsAndContacto" name="test_get_leads_requires_auth" time="0.099" /><testcase classname="tests.test_api_endpoints.TestLeadsAndContacto" name="test_get_leads_with_auth" time="0.416" /><testcase classname="tests.test_api_endpoints.TestSEO" name="test_sitemap_xml" time="0.108" /><testcase classname="tests.test_api_endpoints.TestSettings" name="test_get_nosotros_settings" time="0.102" /><testcase classname="tests.test_api_endpoints.TestCleanup" name="test_cleanup_test_leads" time="1.104" /></testsuite></testsuites>