<?xml version="1.0" encoding="utf-8"?><testsuites name="pytest tests"><testsuite name="pytest" errors="0" failures="0" skipped="0" tests="16" time="6.294" timestamp="2026-03-28T18:36:04.023093+00:00" hostname="agent-env-b063f84d-4463-41d3-a8e5-c318eb272e66"><testcase classname="tests.test_phase2_features.TestSettingsAPI" name="test_get_settings_returns_hero_slides" time="0.576" /><testcase classname="tests.test_phase2_features.TestSettingsAPI" name="test_get_settings_returns_whatsapp_fields" time="0.428" /><testcase classname="tests.test_phase2_features.TestSettingsAPI" name="test_put_settings_hero_slides" time="0.394" /><testcase classname="tests.test_phase2_features.TestSettingsAPI" name="test_put_settings_whatsapp_number_international_format" time="0.373" /><testcase classname="tests.test_phase2_features.TestSettingsAPI" name="test_put_settings_whatsapp_visible_toggle" time="0.458" /><testcase classname="tests.test_phase2_features.TestNosotrosSettingsAPI" name="test_get_nosotros_settings_returns_stats" time="0.443" /><testcase classname="tests.test_phase2_features.TestNosotrosSettingsAPI" name="test_put_nosotros_settings_with_short_long_labels" time="0.494" /><testcase classname="tests.test_phase2_features.TestArticulosAPI" name="test_get_articulos_list" time="0.456" /><testcase classname="tests.test_phase2_features.TestArticulosAPI" name="test_articulo_supports_galeria_field" time="0.420" /><testcase classname="tests.test_phase2_features.TestEmpresasAPI" name="test_get_empresas_list" time="0.494" /><testcase classname="tests.test_phase2_features.TestEmpresasAPI" name="test_empresa_supports_galeria_field" time="0.439" /><testcase classname="tests.test_phase2_features.TestEmpresasAPI" name="test_get_empresa_by_slug" time="0.574" /><testcase classname="tests.test_phase2_features.TestCategoriasAPI" name="test_get_categorias_list" time="0.106" /><testcase classname="tests.test_phase2_features.TestCategoriasAPI" name="test_categoria_has_imagen_url" time="0.100" /><testcase classname="tests.test_phase2_features.TestAuthAPI" name="test_login_success" time="0.326" /><testcase classname="tests.test_phase2_features.TestAuthAPI" name="test_login_invalid_credentials" time="0.104" /></testsuite></testsuites>