<?xml version="1.0" encoding="utf-8"?><testsuites name="pytest tests"><testsuite name="pytest" errors="0" failures="0" skipped="0" tests="14" time="1.848" timestamp="2026-03-28T18:16:26.173394+00:00" hostname="agent-env-b063f84d-4463-41d3-a8e5-c318eb272e66"><testcase classname="backend.tests.test_phase1_features.TestEmpresasDestacadasEndpoint" name="test_empresas_destacadas_returns_array" time="0.177" /><testcase classname="backend.tests.test_phase1_features.TestEmpresasDestacadasEndpoint" name="test_empresas_destacadas_max_6" time="0.116" /><testcase classname="backend.tests.test_phase1_features.TestEmpresasDestacadasEndpoint" name="test_empresas_destacadas_has_required_fields" time="0.120" /><testcase classname="backend.tests.test_phase1_features.TestEmpresasDestacadasEndpoint" name="test_empresas_destacadas_activity_names_resolved" time="0.128" /><testcase classname="backend.tests.test_phase1_features.TestEmpresaDetailEndpoint" name="test_empresa_detail_returns_data" time="0.131" /><testcase classname="backend.tests.test_phase1_features.TestEmpresaDetailEndpoint" name="test_empresa_detail_activity_names_resolved" time="0.128" /><testcase classname="backend.tests.test_phase1_features.TestEmpresasListEndpoint" name="test_empresas_list_returns_array" time="0.121" /><testcase classname="backend.tests.test_phase1_features.TestEmpresasListEndpoint" name="test_empresas_list_activity_names_resolved" time="0.116" /><testcase classname="backend.tests.test_phase1_features.TestNosotrosSettingsEndpoint" name="test_nosotros_settings_returns_data" time="0.134" /><testcase classname="backend.tests.test_phase1_features.TestNosotrosSettingsEndpoint" name="test_nosotros_settings_has_hero_image_default" time="0.100" /><testcase classname="backend.tests.test_phase1_features.TestCategoriasEndpoint" name="test_categorias_returns_data" time="0.101" /><testcase classname="backend.tests.test_phase1_features.TestCategoriasEndpoint" name="test_categorias_max_8_displayed" time="0.109" /><testcase classname="backend.tests.test_phase1_features.TestArticulosEndpoint" name="test_articulos_returns_array" time="0.108" /><testcase classname="backend.tests.test_phase1_features.TestArticulosEndpoint" name="test_articulos_structure" time="0.134" /></testsuite></testsuites>