<?xml version="1.0" encoding="utf-8"?><testsuites name="pytest tests"><testsuite name="pytest" errors="0" failures="0" skipped="0" tests="11" time="2.007" timestamp="2026-03-23T04:15:37.543898+00:00" hostname="agent-env-0d965606-20ce-4ba8-a0e4-2d9f9c28c6cb"><testcase classname="backend.tests.test_seo_features.TestSitemapXML" name="test_sitemap_returns_valid_xml" time="0.209" /><testcase classname="backend.tests.test_seo_features.TestSitemapXML" name="test_sitemap_contains_static_pages" time="0.106" /><testcase classname="backend.tests.test_seo_features.TestSitemapXML" name="test_sitemap_contains_empresa_entries" time="0.242" /><testcase classname="backend.tests.test_seo_features.TestSitemapXML" name="test_sitemap_contains_articulo_entries" time="0.308" /><testcase classname="backend.tests.test_seo_features.TestSitemapXML" name="test_sitemap_has_required_elements" time="0.108" /><testcase classname="backend.tests.test_seo_features.TestAPIEndpoints" name="test_api_root" time="0.102" /><testcase classname="backend.tests.test_seo_features.TestAPIEndpoints" name="test_empresas_endpoint" time="0.113" /><testcase classname="backend.tests.test_seo_features.TestAPIEndpoints" name="test_empresa_detail_endpoint" time="0.261" /><testcase classname="backend.tests.test_seo_features.TestAPIEndpoints" name="test_articulos_endpoint" time="0.118" /><testcase classname="backend.tests.test_seo_features.TestAPIEndpoints" name="test_articulo_detail_endpoint" time="0.207" /><testcase classname="backend.tests.test_seo_features.TestEmpresaSchemaMapping" name="test_schema_type_mapping_exists" time="0.106" /></testsuite></testsuites>