<?xml version="1.0" encoding="utf-8"?><testsuites name="pytest tests"><testsuite name="pytest" errors="0" failures="0" skipped="0" tests="19" time="5.148" timestamp="2026-03-29T01:41:03.399681+00:00" hostname="agent-env-b063f84d-4463-41d3-a8e5-c318eb272e66"><testcase classname="backend.tests.test_phase3_new_features.TestMapaPines" name="test_get_mapa_pines_returns_200" time="0.177" /><testcase classname="backend.tests.test_phase3_new_features.TestMapaPines" name="test_mapa_pines_returns_list" time="0.119" /><testcase classname="backend.tests.test_phase3_new_features.TestMapaPines" name="test_mapa_pines_has_required_fields" time="0.119" /><testcase classname="backend.tests.test_phase3_new_features.TestMapaPines" name="test_mapa_pines_filter_by_actividad" time="0.253" /><testcase classname="backend.tests.test_phase3_new_features.TestMapaPines" name="test_mapa_pines_includes_hq_pins" time="0.119" /><testcase classname="backend.tests.test_phase3_new_features.TestWhatsAppClickTracking" name="test_whatsapp_click_post_returns_200" time="0.114" /><testcase classname="backend.tests.test_phase3_new_features.TestWhatsAppClickTracking" name="test_whatsapp_click_increments_counter" time="0.348" /><testcase classname="backend.tests.test_phase3_new_features.TestAnalyticsOverview" name="test_analytics_overview_returns_200" time="0.107" /><testcase classname="backend.tests.test_phase3_new_features.TestAnalyticsOverview" name="test_analytics_overview_has_whatsapp_clicks" time="0.122" /><testcase classname="backend.tests.test_phase3_new_features.TestAnalyticsOverview" name="test_analytics_overview_has_all_kpis" time="0.131" /><testcase classname="backend.tests.test_phase3_new_features.TestLeadsExportCSV" name="test_export_csv_requires_auth" time="0.116" /><testcase classname="backend.tests.test_phase3_new_features.TestLeadsExportCSV" name="test_export_csv_returns_csv_with_auth" time="0.491" /><testcase classname="backend.tests.test_phase3_new_features.TestLeadsExportCSV" name="test_export_csv_has_utf8_bom" time="0.433" /><testcase classname="backend.tests.test_phase3_new_features.TestLeadsExportCSV" name="test_export_csv_has_correct_headers" time="0.442" /><testcase classname="backend.tests.test_phase3_new_features.TestLeadsExportCSV" name="test_export_csv_content_disposition" time="0.427" /><testcase classname="backend.tests.test_phase3_new_features.TestEmpresaUbicacionesActividades" name="test_empresa_has_ubicaciones_actividades_field" time="0.245" /><testcase classname="backend.tests.test_phase3_new_features.TestEmpresaUbicacionesActividades" name="test_update_empresa_with_ubicaciones_actividades" time="0.761" /><testcase classname="backend.tests.test_phase3_new_features.TestLeadsEndpoint" name="test_get_leads_requires_auth" time="0.122" /><testcase classname="backend.tests.test_phase3_new_features.TestLeadsEndpoint" name="test_get_leads_with_auth" time="0.447" /></testsuite></testsuites>