<?xml version="1.0" encoding="utf-8"?><testsuites name="pytest tests"><testsuite name="pytest" errors="0" failures="0" skipped="0" tests="16" time="1.712" timestamp="2026-07-10T05:18:44.789756+00:00" hostname="agent-env-c52e1801-6635-47d0-9691-01fc6d6b87fe"><testcase classname="backend.tests.test_phases_all.TestPhase1Security" name="test_seed_endpoint_removed" time="0.302" /><testcase classname="backend.tests.test_phases_all.TestPhase1Security" name="test_admin_login_works" time="0.272" /><testcase classname="backend.tests.test_phases_all.TestPhase1Security" name="test_cors_no_wildcard_in_server_py" time="0.000" /><testcase classname="backend.tests.test_phases_all.TestPhase1Security" name="test_jwt_secret_no_default" time="0.001" /><testcase classname="backend.tests.test_phases_all.TestPhase1Security" name="test_docker_compose_no_backend_db_ports" time="0.000" /><testcase classname="backend.tests.test_phases_all.TestPhase2SSL" name="test_nginx_acme_challenge_block" time="0.000" /><testcase classname="backend.tests.test_phases_all.TestPhase2SSL" name="test_docker_compose_webroot_volume" time="0.000" /><testcase classname="backend.tests.test_phases_all.TestPhase3PWA" name="test_manifest_accessible" time="0.049" /><testcase classname="backend.tests.test_phases_all.TestPhase3PWA" name="test_service_worker_accessible" time="0.050" /><testcase classname="backend.tests.test_phases_all.TestPhase3PWA" name="test_index_html_has_pwa_tags" time="0.046" /><testcase classname="backend.tests.test_phases_all.TestPhase4ImportExport" name="test_plantilla_no_auth_required" time="0.295" /><testcase classname="backend.tests.test_phases_all.TestPhase4ImportExport" name="test_exportar_requires_auth" time="0.049" /><testcase classname="backend.tests.test_phases_all.TestPhase4ImportExport" name="test_exportar_with_auth" time="0.322" /><testcase classname="backend.tests.test_phases_all.TestPhase4ImportExport" name="test_importar_requires_auth" time="0.047" /><testcase classname="backend.tests.test_phases_all.TestPhase5SEO" name="test_sitemap_uses_production_domain" time="0.052" /><testcase classname="backend.tests.test_phases_all.TestPhase5SEO" name="test_robots_txt_accessible" time="0.045" /></testsuite></testsuites>