<?xml version="1.0" encoding="utf-8"?><testsuites name="pytest tests"><testsuite name="pytest" errors="0" failures="0" skipped="0" tests="21" time="8.760" timestamp="2026-03-23T03:59:12.319792+00:00" hostname="agent-env-0d965606-20ce-4ba8-a0e4-2d9f9c28c6cb"><testcase classname="backend.tests.test_phase4_features.TestAuthRole" name="test_login_returns_token" time="0.810" /><testcase classname="backend.tests.test_phase4_features.TestAuthRole" name="test_auth_me_returns_role" time="0.149" /><testcase classname="backend.tests.test_phase4_features.TestLeadsManagement" name="test_contacto_saves_with_leido_false" time="0.145" /><testcase classname="backend.tests.test_phase4_features.TestLeadsManagement" name="test_get_leads_requires_admin" time="0.148" /><testcase classname="backend.tests.test_phase4_features.TestLeadsManagement" name="test_get_leads_returns_list" time="0.128" /><testcase classname="backend.tests.test_phase4_features.TestLeadsManagement" name="test_create_and_verify_lead" time="0.256" /><testcase classname="backend.tests.test_phase4_features.TestLeadsManagement" name="test_mark_lead_as_read" time="0.575" /><testcase classname="backend.tests.test_phase4_features.TestLeadsManagement" name="test_delete_lead" time="0.549" /><testcase classname="backend.tests.test_phase4_features.TestLeadsManagement" name="test_leads_requires_admin_role" time="0.209" /><testcase classname="backend.tests.test_phase4_features.TestNosotrosSettings" name="test_get_nosotros_settings_public" time="0.125" /><testcase classname="backend.tests.test_phase4_features.TestNosotrosSettings" name="test_put_nosotros_settings_requires_auth" time="0.139" /><testcase classname="backend.tests.test_phase4_features.TestNosotrosSettings" name="test_update_nosotros_settings" time="0.558" /><testcase classname="backend.tests.test_phase4_features.TestUsuariosCRUD" name="test_get_usuarios_requires_admin" time="0.124" /><testcase classname="backend.tests.test_phase4_features.TestUsuariosCRUD" name="test_get_usuarios_returns_list_without_password" time="0.120" /><testcase classname="backend.tests.test_phase4_features.TestUsuariosCRUD" name="test_create_user_with_editor_role" time="0.584" /><testcase classname="backend.tests.test_phase4_features.TestUsuariosCRUD" name="test_create_duplicate_username_fails" time="0.139" /><testcase classname="backend.tests.test_phase4_features.TestUsuariosCRUD" name="test_update_user" time="0.747" /><testcase classname="backend.tests.test_phase4_features.TestUsuariosCRUD" name="test_delete_user" time="0.601" /><testcase classname="backend.tests.test_phase4_features.TestUsuariosCRUD" name="test_cannot_delete_self" time="0.123" /><testcase classname="backend.tests.test_phase4_features.TestUsuariosCRUD" name="test_editor_login_returns_editor_role" time="1.084" /><testcase classname="backend.tests.test_phase4_features.TestUsuariosCRUD" name="test_editor_cannot_access_leads" time="1.305" /></testsuite></testsuites>