<?xml version="1.0" encoding="utf-8"?><testsuites name="pytest tests"><testsuite name="pytest" errors="0" failures="0" skipped="0" tests="15" time="2.008" timestamp="2026-03-24T04:55:36.371351+00:00" hostname="agent-env-8566c2a7-7571-4642-baf4-9b643a28806e"><testcase classname="backend.tests.test_bug_fix_iteration11.TestAPIEndpointsReturnCorrectTypes" name="test_empresas_returns_array" time="0.143" /><testcase classname="backend.tests.test_bug_fix_iteration11.TestAPIEndpointsReturnCorrectTypes" name="test_articulos_returns_array" time="0.091" /><testcase classname="backend.tests.test_bug_fix_iteration11.TestAPIEndpointsReturnCorrectTypes" name="test_actividades_returns_array" time="0.095" /><testcase classname="backend.tests.test_bug_fix_iteration11.TestAPIEndpointsReturnCorrectTypes" name="test_categorias_returns_object_with_array" time="0.098" /><testcase classname="backend.tests.test_bug_fix_iteration11.TestAPIEndpointsReturnCorrectTypes" name="test_analytics_overview_returns_totales_object" time="0.101" /><testcase classname="backend.tests.test_bug_fix_iteration11.TestAuthEndpoints" name="test_login_success" time="0.319" /><testcase classname="backend.tests.test_bug_fix_iteration11.TestAuthEndpoints" name="test_login_invalid_credentials" time="0.107" /><testcase classname="backend.tests.test_bug_fix_iteration11.TestEmpresaDetailEndpoint" name="test_empresa_detail_by_slug" time="0.109" /><testcase classname="backend.tests.test_bug_fix_iteration11.TestEmpresaDetailEndpoint" name="test_empresa_not_found" time="0.109" /><testcase classname="backend.tests.test_bug_fix_iteration11.TestFilteredEndpoints" name="test_empresas_with_destacada_filter" time="0.110" /><testcase classname="backend.tests.test_bug_fix_iteration11.TestFilteredEndpoints" name="test_empresas_with_activa_filter" time="0.154" /><testcase classname="backend.tests.test_bug_fix_iteration11.TestFilteredEndpoints" name="test_articulos_with_publicado_filter" time="0.155" /><testcase classname="backend.tests.test_bug_fix_iteration11.TestFilteredEndpoints" name="test_actividades_with_activa_filter" time="0.102" /><testcase classname="backend.tests.test_bug_fix_iteration11.TestSettingsEndpoints" name="test_settings_endpoint" time="0.103" /><testcase classname="backend.tests.test_bug_fix_iteration11.TestSettingsEndpoints" name="test_nosotros_settings_endpoint" time="0.108" /></testsuite></testsuites>