<?xml version="1.0" encoding="utf-8"?><testsuites name="pytest tests"><testsuite name="pytest" errors="0" failures="0" skipped="0" tests="11" time="4.712" timestamp="2026-03-24T05:12:39.887901+00:00" hostname="agent-env-8566c2a7-7571-4642-baf4-9b643a28806e"><testcase classname="backend.tests.test_admin_pages_iteration12.TestAdminAPIs" name="test_empresas_returns_array" time="0.641" /><testcase classname="backend.tests.test_admin_pages_iteration12.TestAdminAPIs" name="test_actividades_returns_array" time="0.441" /><testcase classname="backend.tests.test_admin_pages_iteration12.TestAdminAPIs" name="test_articulos_returns_array" time="0.430" /><testcase classname="backend.tests.test_admin_pages_iteration12.TestAdminAPIs" name="test_categorias_returns_object_with_array" time="0.461" /><testcase classname="backend.tests.test_admin_pages_iteration12.TestAdminAPIs" name="test_usuarios_returns_array" time="0.412" /><testcase classname="backend.tests.test_admin_pages_iteration12.TestAdminAPIs" name="test_leads_returns_array" time="0.499" /><testcase classname="backend.tests.test_admin_pages_iteration12.TestAdminAPIs" name="test_media_returns_array" time="0.425" /><testcase classname="backend.tests.test_admin_pages_iteration12.TestAdminAPIs" name="test_nosotros_settings_returns_object" time="0.420" /><testcase classname="backend.tests.test_admin_pages_iteration12.TestAdminAPIs" name="test_analytics_overview" time="0.446" /><testcase classname="backend.tests.test_admin_pages_iteration12.TestAuthFlow" name="test_login_returns_token" time="0.312" /><testcase classname="backend.tests.test_admin_pages_iteration12.TestAuthFlow" name="test_login_invalid_credentials" time="0.110" /></testsuite></testsuites>