<?xml version="1.0" encoding="utf-8"?><testsuites name="pytest tests"><testsuite name="pytest" errors="0" failures="0" skipped="0" tests="17" time="2.636" timestamp="2026-03-23T03:39:40.682844+00:00" hostname="agent-env-0d965606-20ce-4ba8-a0e4-2d9f9c28c6cb"><testcase classname="backend.tests.test_phase3_features.TestNosotrosSettings" name="test_get_nosotros_settings_returns_200" time="0.245" /><testcase classname="backend.tests.test_phase3_features.TestNosotrosSettings" name="test_nosotros_settings_has_required_fields" time="0.121" /><testcase classname="backend.tests.test_phase3_features.TestNosotrosSettings" name="test_nosotros_settings_valores_content" time="0.199" /><testcase classname="backend.tests.test_phase3_features.TestContacto" name="test_contacto_post_success" time="0.109" /><testcase classname="backend.tests.test_phase3_features.TestContacto" name="test_contacto_post_minimal_data" time="0.102" /><testcase classname="backend.tests.test_phase3_features.TestEmpresasTopViews" name="test_get_top_views_returns_200" time="0.130" /><testcase classname="backend.tests.test_phase3_features.TestEmpresasTopViews" name="test_top_views_returns_list" time="0.115" /><testcase classname="backend.tests.test_phase3_features.TestEmpresasTopViews" name="test_top_views_has_required_fields" time="0.108" /><testcase classname="backend.tests.test_phase3_features.TestEmpresasTopViews" name="test_top_views_max_5_results" time="0.114" /><testcase classname="backend.tests.test_phase3_features.TestViewsCounter" name="test_empresa_detail_increments_views" time="0.342" /><testcase classname="backend.tests.test_phase3_features.TestEmpresas" name="test_get_empresas_returns_200" time="0.098" /><testcase classname="backend.tests.test_phase3_features.TestEmpresas" name="test_empresas_returns_list" time="0.100" /><testcase classname="backend.tests.test_phase3_features.TestEmpresas" name="test_empresa_has_required_fields" time="0.105" /><testcase classname="backend.tests.test_phase3_features.TestEmpresas" name="test_empresa_detail_returns_200" time="0.208" /><testcase classname="backend.tests.test_phase3_features.TestEmpresas" name="test_empresa_detail_has_gallery_and_coordinates" time="0.213" /><testcase classname="backend.tests.test_phase3_features.TestActividades" name="test_get_actividades_returns_200" time="0.109" /><testcase classname="backend.tests.test_phase3_features.TestActividades" name="test_actividades_count" time="0.099" /></testsuite></testsuites>