<?xml version="1.0" encoding="utf-8"?><testsuites name="pytest tests"><testsuite name="pytest" errors="0" failures="0" skipped="0" tests="3" time="1.429" timestamp="2026-09-10T05:22:24.769357+00:00" hostname="agent-env-c52e1801-6635-47d0-9691-01fc6d6b87fe"><testcase classname="backend.tests.test_site_title" name="test_root_message_updated" time="0.176" /><testcase classname="backend.tests.test_site_title" name="test_settings_get_has_site_title_field" time="0.419" /><testcase classname="backend.tests.test_site_title" name="test_put_site_title_persists" time="0.781" /></testsuite></testsuites>